app_user/frontend/build_out/firebase_app_check/outputs/logs/manifest-merger-debug-report.txt
-- Merging decision tree log ---
manifest
ADDED from src/main/AndroidManifest.xml:1:1-9:12
INJECTED from src/main/AndroidManifest.xml:1:1-9:12
	package
		ADDED from src/main/AndroidManifest.xml:2:11-57
		INJECTED from src/main/AndroidManifest.xml
	xmlns:android
		ADDED from src/main/AndroidManifest.xml:1:11-69
application
ADDED from src/main/AndroidManifest.xml:3:1-8:15
service#com.google.firebase.components.ComponentDiscoveryService
ADDED from src/main/AndroidManifest.xml:4:3-7:13
	android:name
		ADDED from src/main/AndroidManifest.xml:4:12-83
meta-data#com.google.firebase.components:io.flutter.plugins.firebase.appcheck.FlutterFirebaseAppRegistrar
ADDED from src/main/AndroidManifest.xml:5:5-6:84
	android:value
		ADDED from src/main/AndroidManifest.xml:6:16-81
	android:name
		ADDED from src/main/AndroidManifest.xml:5:16-126
uses-sdk
INJECTED from src/main/AndroidManifest.xml reason: use-sdk injection requested
INJECTED from src/main/AndroidManifest.xml
INJECTED from src/main/AndroidManifest.xml
	android:targetSdkVersion
		INJECTED from src/main/AndroidManifest.xml
	android:minSdkVersion
		INJECTED from src/main/AndroidManifest.xml